"D:/Users/melon_000/Documents/Unreal Projects/SCHM/SCHM.uproject" 1
"../../../Engine/Plugins/2D/Paper2D/Paper2D.uplugin" 2
"../../../Engine/Plugins/Developer/BlankPlugin/BlankPlugin.uplugin" 3
"../../../Engine/Plugins/Developer/PerforceSourceControl/PerforceSourceControl.uplugin" 4
"../../../Engine/Plugins/Developer/SubversionSourceControl/SubversionSourceControl.uplugin" 5
"../../../Engine/Plugins/Developer/UObjectPlugin/UObjectPlugin.uplugin" 6
"../../../Engine/Plugins/Developer/VisualStudioSourceCodeAccess/VisualStudioSourceCodeAccess.uplugin" 7
"../../../Engine/Plugins/Developer/XCodeSourceCodeAccess/XCodeSourceCodeAccess.uplugin" 8
"../../../Engine/Plugins/Editor/EpicSurvey/EpicSurvey.uplugin" 9
"../../../Engine/Plugins/Editor/MacGraphicsSwitching/MacGraphicsSwitching.uplugin" 10
"../../../Engine/Plugins/Editor/PluginsEditor/PluginsEditor.uplugin" 11
"../../../Engine/Plugins/Editor/SpeedTreeImporter/SpeedTreeImporter.uplugin" 12
"../../../Engine/Plugins/Experimental/BlueprintStats/BlueprintStats.uplugin" 13
"../../../Engine/Plugins/Experimental/CharacterAI/CharacterAI.uplugin" 14
"../../../Engine/Plugins/Experimental/CodeView/CodeView.uplugin" 15
"../../../Engine/Plugins/Experimental/LiveEditor/LiveEditor.uplugin" 16
"../../../Engine/Plugins/Experimental/Phya/Phya.uplugin" 17
"../../../Engine/Plugins/Experimental/SteamVR/SteamVR.uplugin" 18
"../../../Engine/Plugins/Media/AvfMedia/AvfMedia.uplugin" 19
"../../../Engine/Plugins/Media/MediaPlayerEditor/MediaPlayerEditor.uplugin" 20
"../../../Engine/Plugins/Media/WmfMedia/WmfMedia.uplugin" 21
"../../../Engine/Plugins/Messaging/MessagingDebugger/MessagingDebugger.uplugin" 22
"../../../Engine/Plugins/Messaging/ShmMessaging/ShmMessaging.uplugin" 23
"../../../Engine/Plugins/Messaging/UdpMessaging/UdpMessaging.uplugin" 24
"../../../Engine/Plugins/Runtime/Advertising/IOSTapJoy/IOSTapJoy.uplugin" 25
"../../../Engine/Plugins/Runtime/Analytics/AnalyticsBlueprintLibrary/AnalyticsBlueprintLibrary.uplugin" 26
"../../../Engine/Plugins/Runtime/Analytics/Apsalar/IOSApsalar/IOSApsalar.uplugin" 27
"../../../Engine/Plugins/Runtime/Analytics/FileLogging/FileLogging.uplugin" 28
"../../../Engine/Plugins/Runtime/AndroidDeviceProfileSelector/AndroidDeviceProfileSelector.uplugin" 29
"../../../Engine/Plugins/Runtime/AppleMoviePlayer/AppleMoviePlayer.uplugin" 30
"../../../Engine/Plugins/Runtime/CableComponent/CableComponent.uplugin" 31
"../../../Engine/Plugins/Runtime/CustomMeshComponent/CustomMeshComponent.uplugin" 32
"../../../Engine/Plugins/Runtime/ExampleDeviceProfileSelector/ExampleDeviceProfileSelector.uplugin" 33
"../../../Engine/Plugins/Runtime/IOSDeviceProfileSelector/IOSDeviceProfileSelector.uplugin" 34
"../../../Engine/Plugins/Runtime/LiveEditorListenServer/LiveEditorListenServer.uplugin" 35
"../../../Engine/Plugins/Runtime/OculusRift/OculusRift.uplugin" 36
"../../../Engine/Plugins/Runtime/SoundMod/SoundMod.uplugin" 37
"../../../Engine/Plugins/Runtime/SoundVisualizations/SoundVisualizations.uplugin" 38
"../../../Engine/Plugins/Runtime/TwitchLiveStreaming/TwitchLiveStreaming.uplugin" 39
"../../../Engine/Plugins/Runtime/WindowsDeviceProfileSelector/WindowsDeviceProfileSelector.uplugin" 40
"../../../Engine/Plugins/Runtime/WindowsMoviePlayer/WindowsMoviePlayer.uplugin" 41
"../../../Engine/Plugins/ScriptGeneratorPlugin/ScriptGeneratorPlugin.uplugin" 42
"../../../Engine/Plugins/ScriptPlugin/ScriptPlugin.uplugin" 43
"../../../Engine/Plugins/Slate/SlateRemote/SlateRemote.uplugin" 44
"..\..\..\Engine\Content\Internationalization\icudt53l\cnvalias.icu" 45
"..\..\..\Engine\Content\Internationalization\icudt53l\en_US_POSIX.res" 46
"..\..\..\Engine\Content\Internationalization\icudt53l\pool.res" 47
"..\..\..\Engine\Content\Internationalization\icudt53l\en_US.res" 48
"..\..\..\Engine\Content\Internationalization\icudt53l\en.res" 49
"..\..\..\Engine\Content\Internationalization\icudt53l\root.res" 50
"..\..\..\Engine\Content\Internationalization\icudt53l\coll\ucadata.icu" 51
"..\..\..\Engine\Content\Internationalization\icudt53l\nfc.nrm" 52
"..\..\..\Engine\Content\Internationalization\icudt53l\coll\en_US_POSIX.res" 53
"..\..\..\Engine\Content\Internationalization\icudt53l\coll\en_US.res" 54
"..\..\..\Engine\Content\Internationalization\icudt53l\coll\en.res" 55
"..\..\..\Engine\Content\Internationalization\icudt53l\coll\root.res" 56
"..\..\..\Engine\Content\Internationalization\icudt53l\numberingSystems.res" 57
"..\..\..\Engine\Content\Internationalization\icudt53l\curr\supplementalData.res" 58
"..\..\..\Engine\Content\Internationalization\icudt53l\curr\pool.res" 59
"..\..\..\Engine\Content\Internationalization\icudt53l\curr\en.res" 60
"..\..\..\Engine\Content\Internationalization\icudt53l\curr\root.res" 61
"..\..\..\Engine\Content\Internationalization\icudt53l\plurals.res" 62
"..\..\..\Engine\Content\Internationalization\icudt53l\windowsZones.res" 63
"..\..\..\Engine\Content\Internationalization\icudt53l\zoneinfo64.res" 64
"..\..\..\Engine\Content\Internationalization\icudt53l\keyTypeData.res" 65
"..\..\..\Engine\Content\Internationalization\icudt53l\timezoneTypes.res" 66
"..\..\..\Engine\Content\Internationalization\icudt53l\supplementalData.res" 67
"..\..\..\Engine\Content\Internationalization\icudt53l\likelySubtags.res" 68
"../../../Engine/Config/Base.ini" 69
"../../../Engine/Config/BaseEngine.ini" 70
"../../../../../../Users/melon_000/Documents/Unreal Projects/SCHM/Config/DefaultEngine.ini" 71
"../../../Engine/Config/Windows/WindowsEngine.ini" 72
"D:/Users/melon_000/Documents/Unreal Projects/SCHM/Saved/Config/Windows/Engine.ini" 73
"../../../../../../Users/melon_000/Documents/Unreal Projects/SCHM/Saved/Config/CleanSourceConfigs/Engine.ini" 74
"../../../Engine/Config/BaseGame.ini" 75
"../../../../../../Users/melon_000/Documents/Unreal Projects/SCHM/Config/DefaultGame.ini" 76
"D:/Users/melon_000/Documents/Unreal Projects/SCHM/Saved/Config/Windows/Game.ini" 77
"../../../../../../Users/melon_000/Documents/Unreal Projects/SCHM/Saved/Config/CleanSourceConfigs/Game.ini" 78
"../../../Engine/Config/BaseInput.ini" 79
"../../../../../../Users/melon_000/Documents/Unreal Projects/SCHM/Config/DefaultInput.ini" 80
"D:/Users/melon_000/Documents/Unreal Projects/SCHM/Saved/Config/Windows/Input.ini" 81
"../../../../../../Users/melon_000/Documents/Unreal Projects/SCHM/Saved/Config/CleanSourceConfigs/Input.ini" 82
"../../../Engine/Config/BaseEditor.ini" 83
"../../../../../../Users/melon_000/Documents/Unreal Projects/SCHM/Config/DefaultEditor.ini" 84
"D:/Users/melon_000/Documents/Unreal Projects/SCHM/Saved/Config/Windows/Editor.ini" 85
"../../../../../../Users/melon_000/Documents/Unreal Projects/SCHM/Saved/Config/CleanSourceConfigs/Editor.ini" 86
"../../../Engine/Config/BaseEditorLayout.ini" 87
"D:/Users/melon_000/Documents/Unreal Projects/SCHM/Saved/Config/Windows/EditorLayout.ini" 88
"../../../../../../Users/melon_000/Documents/Unreal Projects/SCHM/Saved/Config/CleanSourceConfigs/EditorLayout.ini" 89
"../../../Engine/Config/BaseEditorUserSettings.ini" 90
"D:/Users/melon_000/Documents/Unreal Projects/SCHM/Saved/Config/Windows/EditorUserSettings.ini" 91
"../../../../../../Users/melon_000/Documents/Unreal Projects/SCHM/Saved/Config/CleanSourceConfigs/EditorUserSettings.ini" 92
"../../../Engine/Config/BaseEditorKeyBindings.ini" 93
"D:/Users/melon_000/Documents/Unreal Projects/SCHM/Saved/Config/Windows/EditorKeyBindings.ini" 94
"../../../../../../Users/melon_000/Documents/Unreal Projects/SCHM/Saved/Config/CleanSourceConfigs/EditorKeyBindings.ini" 95
"../../../Engine/Config/BaseCompat.ini" 96
"D:/Users/melon_000/Documents/Unreal Projects/SCHM/Saved/Config/Windows/Compat.ini" 97
"../../../../../../Users/melon_000/Documents/Unreal Projects/SCHM/Saved/Config/CleanSourceConfigs/Compat.ini" 98
"../../../Engine/Config/BaseLightmass.ini" 99
"D:/Users/melon_000/Documents/Unreal Projects/SCHM/Saved/Config/Windows/Lightmass.ini" 100
"../../../../../../Users/melon_000/Documents/Unreal Projects/SCHM/Saved/Config/CleanSourceConfigs/Lightmass.ini" 101
"../../../Engine/Config/BaseScalability.ini" 102
"D:/Users/melon_000/Documents/Unreal Projects/SCHM/Saved/Config/Windows/Scalability.ini" 103
"../../../../../../Users/melon_000/Documents/Unreal Projects/SCHM/Saved/Config/CleanSourceConfigs/Scalability.ini" 104
"D:/Users/melon_000/Documents/Unreal Projects/SCHM/Saved/Config/Windows/GameUserSettings.ini" 105
"../../../../../../Users/melon_000/Documents/Unreal Projects/SCHM/Saved/Config/CleanSourceConfigs/GameUserSettings.ini" 106
"../../../Engine/Config/BaseDeviceProfiles.ini" 107
"D:/Users/melon_000/Documents/Unreal Projects/SCHM/Saved/Config/Windows/DeviceProfiles.ini" 108
"../../../../../../Users/melon_000/Documents/Unreal Projects/SCHM/Saved/Config/CleanSourceConfigs/DeviceProfiles.ini" 109
"../../../Engine/Config/ConsoleVariables.ini" 110
"..\..\..\Engine\Content\Internationalization\icudt53l\es.res" 111
"..\..\..\Engine\Content\Internationalization\icudt53l\coll\es.res" 112
"..\..\..\Engine\Content\Internationalization\icudt53l\curr\es.res" 113
"..\..\..\Engine\Content\Internationalization\icudt53l\es_ES.res" 114
"..\..\..\Engine\Content\Internationalization\icudt53l\ja.res" 115
"..\..\..\Engine\Content\Internationalization\icudt53l\coll\ja.res" 116
"..\..\..\Engine\Content\Internationalization\icudt53l\curr\ja.res" 117
"..\..\..\Engine\Content\Internationalization\icudt53l\ja_JP.res" 118
"..\..\..\Engine\Content\Internationalization\icudt53l\ko.res" 119
"..\..\..\Engine\Content\Internationalization\icudt53l\coll\ko.res" 120
"..\..\..\Engine\Content\Internationalization\icudt53l\curr\ko.res" 121
"..\..\..\Engine\Content\Internationalization\icudt53l\ko_KR.res" 122
"..\..\..\Engine\Content\Internationalization\icudt53l\pt_BR.res" 123
"..\..\..\Engine\Content\Internationalization\icudt53l\pt.res" 124
"..\..\..\Engine\Content\Internationalization\icudt53l\coll\pt.res" 125
"..\..\..\Engine\Content\Internationalization\icudt53l\curr\pt.res" 126
"..\..\..\Engine\Content\Internationalization\icudt53l\zh_CN.res" 127
"..\..\..\Engine\Content\Internationalization\icudt53l\zh_Hans_CN.res" 128
"..\..\..\Engine\Content\Internationalization\icudt53l\zh_Hans.res" 129
"..\..\..\Engine\Content\Internationalization\icudt53l\zh.res" 130
"..\..\..\Engine\Content\Internationalization\icudt53l\coll\zh_CN.res" 131
"..\..\..\Engine\Content\Internationalization\icudt53l\coll\zh_Hans_CN.res" 132
"..\..\..\Engine\Content\Internationalization\icudt53l\coll\zh_Hans.res" 133
"..\..\..\Engine\Content\Internationalization\icudt53l\coll\zh.res" 134
"..\..\..\Engine\Content\Internationalization\icudt53l\curr\zh_CN.res" 135
"..\..\..\Engine\Content\Internationalization\icudt53l\curr\zh_Hans_CN.res" 136
"..\..\..\Engine\Content\Internationalization\icudt53l\curr\zh_Hans.res" 137
"..\..\..\Engine\Content\Internationalization\icudt53l\curr\zh.res" 138
"D:/engines/Epic Games/4.6/Engine/Content/Localization/Editor/en/Editor.locres" 139
"D:/engines/Epic Games/4.6/Engine/Content/Localization/EditorTutorials/en/EditorTutorials.locres" 140
"D:/engines/Epic Games/4.6/Engine/Content/Localization/Engine/en/Engine.locres" 141
"../../../Engine/Content/Slate/Fonts/Roboto-Regular.ttf" 142
"../../../Engine/Content/Slate/Fonts/Roboto-Bold.ttf" 143
"../../../Engine/Content/Slate/Fonts/Roboto-Light.ttf" 144
"../../../Engine/Content/Slate/Fonts/DroidSansMono.ttf" 145
"D:/engines/Epic Games/4.6/Engine/Binaries/Win64/../../../Engine/Shaders/ParticleSpriteVertexFactory.usf" 146
"D:/engines/Epic Games/4.6/Engine/Binaries/Win64/../../../Engine/Shaders/VertexFactoryCommon.usf" 147
"D:/engines/Epic Games/4.6/Engine/Binaries/Win64/../../../Engine/Shaders/Common.usf" 148
"D:/engines/Epic Games/4.6/Engine/Binaries/Win64/../../../Engine/Shaders/ShaderVersion.usf" 149
"D:/engines/Epic Games/4.6/Engine/Binaries/Win64/../../../Engine/Shaders/Definitions.usf" 150
"D:/engines/Epic Games/4.6/Engine/Binaries/Win64/../../../Engine/Shaders/Random.usf" 151
"D:/engines/Epic Games/4.6/Engine/Binaries/Win64/../../../Engine/Shaders/ParticleVertexFactoryCommon.usf" 152
"D:/engines/Epic Games/4.6/Engine/Binaries/Win64/../../../Engine/Shaders/ParticleGPUSpriteVertexFactory.usf" 153
"D:/engines/Epic Games/4.6/Engine/Binaries/Win64/../../../Engine/Shaders/ParticleBeamTrailVertexFactory.usf" 154
"D:/engines/Epic Games/4.6/Engine/Binaries/Win64/../../../Engine/Shaders/VectorFieldVisualizationVertexFactory.usf" 155
"D:/engines/Epic Games/4.6/Engine/Binaries/Win64/../../../Engine/Shaders/LocalVertexFactory.usf" 156
"D:/engines/Epic Games/4.6/Engine/Binaries/Win64/../../../Engine/Shaders/LocalVertexFactoryCommon.usf" 157
"D:/engines/Epic Games/4.6/Engine/Binaries/Win64/../../../Engine/Shaders/MeshParticleVertexFactory.usf" 158
"D:/engines/Epic Games/4.6/Engine/Binaries/Win64/../../../Engine/Shaders/GpuSkinVertexFactory.usf" 159
"D:/engines/Epic Games/4.6/Engine/Binaries/Win64/../../../Engine/Shaders/GpuSkinCacheCommon.usf" 160
"D:/engines/Epic Games/4.6/Engine/Binaries/Win64/../../../Engine/Shaders/LandscapeVertexFactory.usf" 161
"D:/engines/Epic Games/4.6/Engine/Binaries/Win64/../../../Engine/Shaders/SlateElementPixelShader.usf" 162
"D:/engines/Epic Games/4.6/Engine/Binaries/Win64/../../../Engine/Shaders/MaterialTemplate.usf" 163
"D:/engines/Epic Games/4.6/Engine/Binaries/Win64/../../../Engine/Shaders/DepthOfFieldCommon.usf" 164
"D:/engines/Epic Games/4.6/Engine/Binaries/Win64/../../../Engine/Shaders/SpeedTreeCommon.usf" 165
"D:/engines/Epic Games/4.6/Engine/Binaries/Win64/../../../Engine/Shaders/AtmosphereCommon.usf" 166
"D:/engines/Epic Games/4.6/Engine/Binaries/Win64/../../../Engine/Shaders/PostProcessCommon.usf" 167
"D:/engines/Epic Games/4.6/Engine/Binaries/Win64/../../../Engine/Shaders/DeferredShadingCommon.usf" 168
"D:/engines/Epic Games/4.6/Engine/Binaries/Win64/../../../Engine/Shaders/LightAccumulator.usf" 169
"D:/engines/Epic Games/4.6/Engine/Binaries/Win64/../../../Engine/Shaders/SlateVertexShader.usf" 170
"D:/engines/Epic Games/4.6/Engine/Binaries/Win64/../../../Engine/Shaders/OneColorShader.usf" 171
"D:/engines/Epic Games/4.6/Engine/Binaries/Win64/../../../Engine/Shaders/ResolveVertexShader.usf" 172
"D:/engines/Epic Games/4.6/Engine/Binaries/Win64/../../../Engine/Shaders/ResolvePixelShader.usf" 173
"D:/engines/Epic Games/4.6/Engine/Binaries/Win64/../../../Engine/Shaders/VisualizeTexture.usf" 174
"D:/engines/Epic Games/4.6/Engine/Binaries/Win64/../../../Engine/Shaders/ScreenSpaceReflections.usf" 175
"D:/engines/Epic Games/4.6/Engine/Binaries/Win64/../../../Engine/Shaders/BRDF.usf" 176
"D:/engines/Epic Games/4.6/Engine/Binaries/Win64/../../../Engine/Shaders/MonteCarlo.usf" 177
"D:/engines/Epic Games/4.6/Engine/Binaries/Win64/../../../Engine/Shaders/FilterVertexShader.usf" 178
"D:/engines/Epic Games/4.6/Engine/Binaries/Win64/../../../Engine/Shaders/FilterPixelShader.usf" 179
"D:/engines/Epic Games/4.6/Engine/Binaries/Win64/../../../Engine/Shaders/PostProcessVisualizeHDR.usf" 180
"D:/engines/Epic Games/4.6/Engine/Binaries/Win64/../../../Engine/Shaders/PostProcessHistogramCommon.usf" 181
"D:/engines/Epic Games/4.6/Engine/Binaries/Win64/../../../Engine/Shaders/TonemapCommon.usf" 182
"D:/engines/Epic Games/4.6/Engine/Binaries/Win64/../../../Engine/Shaders/MiniFontCommon.usf" 183
"D:/engines/Epic Games/4.6/Engine/Binaries/Win64/../../../Engine/Shaders/PostProcessVisualizeBuffer.usf" 184
"D:/engines/Epic Games/4.6/Engine/Binaries/Win64/../../../Engine/Shaders/PostProcessUpscale.usf" 185
"D:/engines/Epic Games/4.6/Engine/Binaries/Win64/../../../Engine/Shaders/PostProcessTonemap.usf" 186
"D:/engines/Epic Games/4.6/Engine/Binaries/Win64/../../../Engine/Shaders/PostProcessTestImage.usf" 187
"D:/engines/Epic Games/4.6/Engine/Binaries/Win64/../../../Engine/Shaders/PostProcessTemporalAA.usf" 188
"D:/engines/Epic Games/4.6/Engine/Binaries/Win64/../../../Engine/Shaders/PostProcessTemporalCommon.usf" 189
"D:/engines/Epic Games/4.6/Engine/Binaries/Win64/../../../Engine/Shaders/PostProcessSubsurface.usf" 190
"D:/engines/Epic Games/4.6/Engine/Binaries/Win64/../../../Engine/Shaders/SeparableSSS.usf" 191
"D:/engines/Epic Games/4.6/Engine/Binaries/Win64/../../../Engine/Shaders/PostProcessSelectionOutline.usf" 192
"D:/engines/Epic Games/4.6/Engine/Binaries/Win64/../../../Engine/Shaders/PostProcessSceneColorFringe.usf" 193
"D:/engines/Epic Games/4.6/Engine/Binaries/Win64/../../../Engine/Shaders/PostProcessNoiseBlur.usf" 194
"D:/engines/Epic Games/4.6/Engine/Binaries/Win64/../../../Engine/Shaders/PostProcessMotionBlur.usf" 195
"D:/engines/Epic Games/4.6/Engine/Binaries/Win64/../../../Engine/Shaders/MorpheusInclude.usf" 196
"D:/engines/Epic Games/4.6/Engine/Binaries/Win64/../../../Engine/Shaders/PostProcessMobile.usf" 197
"D:/engines/Epic Games/4.6/Engine/Binaries/Win64/../../../Engine/Shaders/PostProcessMaterialShaders.usf" 198
"D:/engines/Epic Games/4.6/Engine/Binaries/Win64/../../../Engine/Shaders/PostProcessLensFlares.usf" 199
"D:/engines/Epic Games/4.6/Engine/Binaries/Win64/../../../Engine/Shaders/PostProcessLensBlur.usf" 200
"D:/engines/Epic Games/4.6/Engine/Binaries/Win64/../../../Engine/Shaders/PostProcessBloom.usf" 201
"D:/engines/Epic Games/4.6/Engine/Binaries/Win64/../../../Engine/Shaders/PostProcessHMD.usf" 202
"D:/engines/Epic Games/4.6/Engine/Binaries/Win64/../../../Engine/Shaders/PostProcessHistogramReduce.usf" 203
"D:/engines/Epic Games/4.6/Engine/Binaries/Win64/../../../Engine/Shaders/PostProcessHistogram.usf" 204
"D:/engines/Epic Games/4.6/Engine/Binaries/Win64/../../../Engine/Shaders/PostProcessGBufferHints.usf" 205
"D:/engines/Epic Games/4.6/Engine/Binaries/Win64/../../../Engine/Shaders/PostProcessEyeAdaptation.usf" 206
"D:/engines/Epic Games/4.6/Engine/Binaries/Win64/../../../Engine/Shaders/PostProcessDownsample.usf" 207
"D:/engines/Epic Games/4.6/Engine/Binaries/Win64/../../../Engine/Shaders/PostProcessDOF.usf" 208
"D:/engines/Epic Games/4.6/Engine/Binaries/Win64/../../../Engine/Shaders/PostProcessCompositeEditorPrimitives.usf" 209
"D:/engines/Epic Games/4.6/Engine/Binaries/Win64/../../../Engine/Shaders/PostProcessCombineLUTs.usf" 210
"D:/engines/Epic Games/4.6/Engine/Binaries/Win64/../../../Engine/Shaders/PostProcessBusyWait.usf" 211
"D:/engines/Epic Games/4.6/Engine/Binaries/Win64/../../../Engine/Shaders/PostProcessBokehDOF.usf" 212
"D:/engines/Epic Games/4.6/Engine/Binaries/Win64/../../../Engine/Shaders/FXAAShader.usf" 213
"D:/engines/Epic Games/4.6/Engine/Binaries/Win64/../../../Engine/Shaders/Fxaa3_11.usf" 214
"D:/engines/Epic Games/4.6/Engine/Binaries/Win64/../../../Engine/Shaders/PostProcessPassThrough.usf" 215
"D:/engines/Epic Games/4.6/Engine/Binaries/Win64/../../../Engine/Shaders/PostProcessLpvIndirect.usf" 216
"D:/engines/Epic Games/4.6/Engine/Binaries/Win64/../../../Engine/Shaders/DeferredLightingCommon.usf" 217
"D:/engines/Epic Games/4.6/Engine/Binaries/Win64/../../../Engine/Shaders/DynamicLightingCommon.usf" 218
"D:/engines/Epic Games/4.6/Engine/Binaries/Win64/../../../Engine/Shaders/IESLightProfilesCommon.usf" 219
"D:/engines/Epic Games/4.6/Engine/Binaries/Win64/../../../Engine/Shaders/LPVFinalPass.usf" 220
"D:/engines/Epic Games/4.6/Engine/Binaries/Win64/../../../Engine/Shaders/LPVCommon.usf" 221
"D:/engines/Epic Games/4.6/Engine/Binaries/Win64/../../../Engine/Shaders/DeferredDecal.usf" 222
"D:/engines/Epic Games/4.6/Engine/Binaries/Win64/../../../Engine/Shaders/PostProcessAmbientOcclusion.usf" 223
"D:/engines/Epic Games/4.6/Engine/Binaries/Win64/../../../Engine/Shaders/PostProcessAmbient.usf" 224
"D:/engines/Epic Games/4.6/Engine/Binaries/Win64/../../../Engine/Shaders/CubemapCommon.usf" 225
"D:/engines/Epic Games/4.6/Engine/Binaries/Win64/../../../Engine/Shaders/VelocityShader.usf" 226
"D:/engines/Epic Games/4.6/Engine/Binaries/Win64/../../../Engine/Shaders/Tessellation.usf" 227
"D:/engines/Epic Games/4.6/Engine/Binaries/Win64/../../../Engine/Shaders/FlatTessellation.usf" 228
"D:/engines/Epic Games/4.6/Engine/Binaries/Win64/../../../Engine/Shaders/PNTriangles.usf" 229
"D:/engines/Epic Games/4.6/Engine/Binaries/Win64/../../../Engine/Shaders/TranslucentLightingShaders.usf" 230
"D:/engines/Epic Games/4.6/Engine/Binaries/Win64/../../../Engine/Shaders/SHCommon.usf" 231
"D:/engines/Epic Games/4.6/Engine/Binaries/Win64/../../../Engine/Shaders/ShadowProjectionCommon.usf" 232
"D:/engines/Epic Games/4.6/Engine/Binaries/Win64/../../../Engine/Shaders/TranslucentLightInjectionShaders.usf" 233
"D:/engines/Epic Games/4.6/Engine/Binaries/Win64/../../../Engine/Shaders/LightFunctionCommon.usf" 234
"D:/engines/Epic Games/4.6/Engine/Binaries/Win64/../../../Engine/Shaders/TranslucentShadowDepthShaders.usf" 235
"D:/engines/Epic Games/4.6/Engine/Binaries/Win64/../../../Engine/Shaders/ShadowDepthCommon.usf" 236
"D:/engines/Epic Games/4.6/Engine/Binaries/Win64/../../../Engine/Shaders/TiledDeferredLightShaders.usf" 237
"D:/engines/Epic Games/4.6/Engine/Binaries/Win64/../../../Engine/Shaders/ShadowProjectionPixelShader.usf" 238
"D:/engines/Epic Games/4.6/Engine/Binaries/Win64/../../../Engine/Shaders/ShadowFilteringCommon.usf" 239
"D:/engines/Epic Games/4.6/Engine/Binaries/Win64/../../../Engine/Shaders/ShadowProjectionVertexShader.usf" 240
"D:/engines/Epic Games/4.6/Engine/Binaries/Win64/../../../Engine/Shaders/ShadowDepthPixelShader.usf" 241
"D:/engines/Epic Games/4.6/Engine/Binaries/Win64/../../../Engine/Shaders/LPVWriteVplCommon.usf" 242
"D:/engines/Epic Games/4.6/Engine/Binaries/Win64/../../../Engine/Shaders/LPVWriteCommon.usf" 243
"D:/engines/Epic Games/4.6/Engine/Binaries/Win64/../../../Engine/Shaders/ShadowDepthVertexShader.usf" 244
"D:/engines/Epic Games/4.6/Engine/Binaries/Win64/../../../Engine/Shaders/ShaderComplexityApplyPixelShader.usf" 245
"D:/engines/Epic Games/4.6/Engine/Binaries/Win64/../../../Engine/Shaders/ShaderComplexityApplyVertexShader.usf" 246
"D:/engines/Epic Games/4.6/Engine/Binaries/Win64/../../../Engine/Shaders/ShaderComplexityAccumulatePixelShader.usf" 247
"D:/engines/Epic Games/4.6/Engine/Binaries/Win64/../../../Engine/Shaders/HZBOcclusion.usf" 248
"D:/engines/Epic Games/4.6/Engine/Binaries/Win64/../../../Engine/Shaders/OcclusionQueryVertexShader.usf" 249
"D:/engines/Epic Games/4.6/Engine/Binaries/Win64/../../../Engine/Shaders/HitProxyPixelShader.usf" 250
"D:/engines/Epic Games/4.6/Engine/Binaries/Win64/../../../Engine/Shaders/HitProxyVertexShader.usf" 251
"D:/engines/Epic Games/4.6/Engine/Binaries/Win64/../../../Engine/Shaders/ReflectionEnvironmentShaders.usf" 252
"D:/engines/Epic Games/4.6/Engine/Binaries/Win64/../../../Engine/Shaders/ReflectionEnvironmentShared.usf" 253
"D:/engines/Epic Games/4.6/Engine/Binaries/Win64/../../../Engine/Shaders/SkyLightingShared.usf" 254
"D:/engines/Epic Games/4.6/Engine/Binaries/Win64/../../../Engine/Shaders/ReflectionEnvironmentComputeShaders.usf" 255
"D:/engines/Epic Games/4.6/Engine/Binaries/Win64/../../../Engine/Shaders/LightShaftShader.usf" 256
"D:/engines/Epic Games/4.6/Engine/Binaries/Win64/../../../Engine/Shaders/StationaryLightOverlapShaders.usf" 257
"D:/engines/Epic Games/4.6/Engine/Binaries/Win64/../../../Engine/Shaders/DeferredLightPixelShaders.usf" 258
"D:/engines/Epic Games/4.6/Engine/Binaries/Win64/../../../Engine/Shaders/DeferredLightVertexShaders.usf" 259
"D:/engines/Epic Games/4.6/Engine/Binaries/Win64/../../../Engine/Shaders/LPVVisualise.usf" 260
"D:/engines/Epic Games/4.6/Engine/Binaries/Win64/../../../Engine/Shaders/LPVGeometryVolumeCommon.usf" 261
"D:/engines/Epic Games/4.6/Engine/Binaries/Win64/../../../Engine/Shaders/LPVDirectLightInject.usf" 262
"D:/engines/Epic Games/4.6/Engine/Binaries/Win64/../../../Engine/Shaders/LPVPropagate.usf" 263
"D:/engines/Epic Games/4.6/Engine/Binaries/Win64/../../../Engine/Shaders/LPVBuildGeometryVolume.usf" 264
"D:/engines/Epic Games/4.6/Engine/Binaries/Win64/../../../Engine/Shaders/LPVInject_AccumulateVplLists.usf" 265
"D:/engines/Epic Games/4.6/Engine/Binaries/Win64/../../../Engine/Shaders/LPVInject_GenerateVplLists.usf" 266
"D:/engines/Epic Games/4.6/Engine/Binaries/Win64/../../../Engine/Shaders/LPVClearLists.usf" 267
"D:/engines/Epic Games/4.6/Engine/Binaries/Win64/../../../Engine/Shaders/LPVClear.usf" 268
"D:/engines/Epic Games/4.6/Engine/Binaries/Win64/../../../Engine/Shaders/LightMapDensityShader.usf" 269
"D:/engines/Epic Games/4.6/Engine/Binaries/Win64/../../../Engine/Shaders/LightFunctionPixelShader.usf" 270
"D:/engines/Epic Games/4.6/Engine/Binaries/Win64/../../../Engine/Shaders/LightFunctionVertexShader.usf" 271
"D:/engines/Epic Games/4.6/Engine/Binaries/Win64/../../../Engine/Shaders/HdrCustomResolveShaders.usf" 272
"D:/engines/Epic Games/4.6/Engine/Binaries/Win64/../../../Engine/Shaders/GPUBenchmark.usf" 273
"D:/engines/Epic Games/4.6/Engine/Binaries/Win64/../../../Engine/Shaders/GammaCorrection.usf" 274
"D:/engines/Epic Games/4.6/Engine/Binaries/Win64/../../../Engine/Shaders/BasePassForForwardShadingPixelShader.usf" 275
"D:/engines/Epic Games/4.6/Engine/Binaries/Win64/../../../Engine/Shaders/BasePassForForwardShadingCommon.usf" 276
"D:/engines/Epic Games/4.6/Engine/Binaries/Win64/../../../Engine/Shaders/LightmapCommon.usf" 277
"D:/engines/Epic Games/4.6/Engine/Binaries/Win64/../../../Engine/Shaders/BasePassForForwardShadingVertexShader.usf" 278
"D:/engines/Epic Games/4.6/Engine/Binaries/Win64/../../../Engine/Shaders/HeightFogCommon.usf" 279
"D:/engines/Epic Games/4.6/Engine/Binaries/Win64/../../../Engine/Shaders/HeightFogPixelShader.usf" 280
"D:/engines/Epic Games/4.6/Engine/Binaries/Win64/../../../Engine/Shaders/HeightFogVertexShader.usf" 281
"D:/engines/Epic Games/4.6/Engine/Binaries/Win64/../../../Engine/Shaders/DistortAccumulatePS.usf" 282
"D:/engines/Epic Games/4.6/Engine/Binaries/Win64/../../../Engine/Shaders/DistortAccumulateVS.usf" 283
"D:/engines/Epic Games/4.6/Engine/Binaries/Win64/../../../Engine/Shaders/DistortApplyScreenPS.usf" 284
"D:/engines/Epic Games/4.6/Engine/Binaries/Win64/../../../Engine/Shaders/SkyLighting.usf" 285
"D:/engines/Epic Games/4.6/Engine/Binaries/Win64/../../../Engine/Shaders/DistanceFieldSurfaceCacheLighting.usf" 286
"D:/engines/Epic Games/4.6/Engine/Binaries/Win64/../../../Engine/Shaders/DistanceFieldLightingShared.usf" 287
"D:/engines/Epic Games/4.6/Engine/Binaries/Win64/../../../Engine/Shaders/DistanceFieldAOShared.usf" 288
"D:/engines/Epic Games/4.6/Engine/Binaries/Win64/../../../Engine/Shaders/DistanceFieldSurfaceCacheLightingCompute.usf" 289
"D:/engines/Epic Games/4.6/Engine/Binaries/Win64/../../../Engine/Shaders/DistanceFieldShadowing.usf" 290
"D:/engines/Epic Games/4.6/Engine/Binaries/Win64/../../../Engine/Shaders/DepthOnlyPixelShader.usf" 291
"D:/engines/Epic Games/4.6/Engine/Binaries/Win64/../../../Engine/Shaders/DepthOnlyVertexShader.usf" 292
"D:/engines/Epic Games/4.6/Engine/Binaries/Win64/../../../Engine/Shaders/PositionOnlyDepthVertexShader.usf" 293
"D:/engines/Epic Games/4.6/Engine/Binaries/Win64/../../../Engine/Shaders/DownsampleDepthPixelShader.usf" 294
"D:/engines/Epic Games/4.6/Engine/Binaries/Win64/../../../Engine/Shaders/BasePassPixelShader.usf" 295
"D:/engines/Epic Games/4.6/Engine/Binaries/Win64/../../../Engine/Shaders/BasePassCommon.usf" 296
"D:/engines/Epic Games/4.6/Engine/Binaries/Win64/../../../Engine/Shaders/BasePassVertexShader.usf" 297
"D:/engines/Epic Games/4.6/Engine/Binaries/Win64/../../../Engine/Shaders/BasePassVertexCommon.usf" 298
"D:/engines/Epic Games/4.6/Engine/Binaries/Win64/../../../Engine/Shaders/BasePassTessellationShaders.usf" 299
"D:/engines/Epic Games/4.6/Engine/Binaries/Win64/../../../Engine/Shaders/AtmospherePrecompute.usf" 300
"D:/engines/Epic Games/4.6/Engine/Binaries/Win64/../../../Engine/Shaders/AtmospherePrecomputeCommon.usf" 301
"D:/engines/Epic Games/4.6/Engine/Binaries/Win64/../../../Engine/Shaders/AtmospherePrecomputeInscatter.usf" 302
"D:/engines/Epic Games/4.6/Engine/Binaries/Win64/../../../Engine/Shaders/AtmosphericFogShader.usf" 303
"D:/engines/Epic Games/4.6/Engine/Binaries/Win64/../../../Engine/Shaders/ParticleSortKeyGen.usf" 304
"D:/engines/Epic Games/4.6/Engine/Binaries/Win64/../../../Engine/Shaders/ParticleBoundsShader.usf" 305
"D:/engines/Epic Games/4.6/Engine/Binaries/Win64/../../../Engine/Shaders/ParticleSimVisualizeShader.usf" 306
"D:/engines/Epic Games/4.6/Engine/Binaries/Win64/../../../Engine/Shaders/ParticleInjectionShader.usf" 307
"D:/engines/Epic Games/4.6/Engine/Binaries/Win64/../../../Engine/Shaders/ParticleSimulationShader.usf" 308
"D:/engines/Epic Games/4.6/Engine/Binaries/Win64/../../../Engine/Shaders/ParticleCurveInjectionShader.usf" 309
"D:/engines/Epic Games/4.6/Engine/Binaries/Win64/../../../Engine/Shaders/VectorFieldCompositeShaders.usf" 310
"D:/engines/Epic Games/4.6/Engine/Binaries/Win64/../../../Engine/Shaders/UpdateTextureShaders.usf" 311
"D:/engines/Epic Games/4.6/Engine/Binaries/Win64/../../../Engine/Shaders/SimpleElementColorChannelMaskPixelShader.usf" 312
"D:/engines/Epic Games/4.6/Engine/Binaries/Win64/../../../Engine/Shaders/SimpleElementHitProxyPixelShader.usf" 313
"D:/engines/Epic Games/4.6/Engine/Binaries/Win64/../../../Engine/Shaders/SimpleElementPixelShader.usf" 314
"D:/engines/Epic Games/4.6/Engine/Binaries/Win64/../../../Engine/Shaders/ColorUtils.usf" 315
"D:/engines/Epic Games/4.6/Engine/Binaries/Win64/../../../Engine/Shaders/SimpleElementVertexShader.usf" 316
"D:/engines/Epic Games/4.6/Engine/Binaries/Win64/../../../Engine/Shaders/ScreenVertexShader.usf" 317
"D:/engines/Epic Games/4.6/Engine/Binaries/Win64/../../../Engine/Shaders/ScreenPixelShader.usf" 318
"D:/engines/Epic Games/4.6/Engine/Binaries/Win64/../../../Engine/Shaders/RadixSortShaders.usf" 319
"D:/engines/Epic Games/4.6/Engine/Binaries/Win64/../../../Engine/Shaders/GpuSkinCacheComputeShader.usf" 320
"D:/engines/Epic Games/4.6/Engine/Binaries/Win64/../../../Engine/Shaders/NullPixelShader.usf" 321
"D:/engines/Epic Games/4.6/Engine/Binaries/Win64/../../../Engine/Shaders/ClearReplacementShaders.usf" 322
"D:/engines/Epic Games/4.6/Engine/Binaries/Win64/../../../Engine/Shaders/SimpleElementTexture2DPreviewPixelShader.usf" 323
"D:/engines/Epic Games/4.6/Engine/Binaries/Win64/../../../Engine/Shaders/SimpleElementNormalMapPixelShader.usf" 324
"D:/engines/Epic Games/4.6/Engine/Binaries/Win64/../../../Engine/Shaders/meshpaintdilatepixelshader.usf" 325
"D:/engines/Epic Games/4.6/Engine/Binaries/Win64/../../../Engine/Shaders/meshpaintdilatevertexshader.usf" 326
"D:/engines/Epic Games/4.6/Engine/Binaries/Win64/../../../Engine/Shaders/MeshPaintPixelShader.usf" 327
"D:/engines/Epic Games/4.6/Engine/Binaries/Win64/../../../Engine/Shaders/MeshPaintVertexShader.usf" 328
"../../../Engine/Config/Android/AndroidEngine.ini" 329
"../../../Engine/Config/IOS/IOSEngine.ini" 330
"../../../Engine/Config/Linux/LinuxEngine.ini" 331
"C:/Users/melon_000/AppData/Local/UnrealEngine/4.6/DerivedDataCache/Boot.ddc" 332
"../../../Engine/DerivedDataCache/DDC.ddp" 333
"../../../Engine/Content/EditorResources/S_Actor.uasset" 334
"../../../Engine/Content/EditorLandscapeResources/DataLayer.uasset" 335
"../../../Engine/Content/Maps/Templates/Thumbnails/Default.uasset" 336
"../../../Engine/Content/EditorMaterials/ParticleSystems/PSysThumbnail_NoImage.uasset" 337
"../../../Engine/Content/EditorMaterials/ParticleSystems/PSysThumbnail_OOD.uasset" 338
"../../../Engine/Content/EngineDamageTypes/DmgTypeBP_Environmental.uasset" 339
"../../../Engine/Content/EngineMeshes/Sphere.uasset" 340
"../../../Engine/Content/EngineFonts/RobotoDistanceField.uasset" 341
"../../../Engine/Content/EngineMaterials/DefaultTextMaterialOpaque.uasset" 342
"../../../Engine/Content/Functions/Engine_MaterialFunctions01/Shading/PowerToRoughness.uasset" 343
"../../../Engine/Content/Functions/Engine_MaterialFunctions01/Shading/ConvertFromDiffSpec.uasset" 344
"../../../Engine/Content/EngineMaterials/WorldGridMaterial.uasset" 345
"../../../Engine/Content/Functions/Engine_MaterialFunctions01/Opacity/CameraDepthFade.uasset" 346
"../../../Engine/Content/EngineMaterials/T_Default_Material_Grid_M.uasset" 347
"../../../Engine/Content/EngineMaterials/T_Default_Material_Grid_N.uasset" 348
"../../../Engine/Content/EngineMaterials/DefaultDeferredDecalMaterial.uasset" 349
"../../../Engine/Content/EngineMaterials/DefaultDiffuse.uasset" 350
"../../../Engine/Content/EngineMaterials/DefaultLightFunctionMaterial.uasset" 351
"../../../Engine/Content/EngineMaterials/DefaultPostProcessMaterial.uasset" 352
"../../../Engine/Content/Functions/Engine_MaterialFunctions02/Utility/BreakOutFloat2Components.uasset" 353
"../../../Engine/Content/EditorResources/S_Trigger.uasset" 354
"../../../Engine/Content/EngineResources/WhiteSquareTexture.uasset" 355
"../../../Engine/Content/EngineResources/GradientTexture0.uasset" 356
"../../../Engine/Content/EngineResources/Black.uasset" 357
"../../../Engine/Content/EditorMaterials/MatineeGroups/MAT_Groups_Float.uasset" 358
"../../../Engine/Content/EditorMaterials/MatineeGroups/MAT_Groups_Director.uasset" 359
"../../../Engine/Content/EditorMaterials/MatineeGroups/MAT_Groups_Event.uasset" 360
"../../../Engine/Content/EditorMaterials/MatineeGroups/MAT_Groups_Anim.uasset" 361
"../../../Engine/Content/EditorMaterials/MatineeGroups/MAT_Groups_Fade.uasset" 362
"../../../Engine/Content/EditorMaterials/MatineeGroups/MAT_Groups_Move.uasset" 363
"../../../Engine/Content/EditorMaterials/MatineeGroups/MAT_Groups_Slomo.uasset" 364
"../../../Engine/Content/EditorMaterials/MatineeGroups/MAT_ColorTrack.uasset" 365
"../../../Engine/Content/EditorMaterials/MAT_Groups_Toggle.uasset" 366
"../../../Engine/Content/EditorMaterials/MatineeGroups/MAT_Groups_AudioMaster.uasset" 367
"../../../Engine/Content/EditorMaterials/MatineeGroups/MAT_Groups_Sound.uasset" 368
"../../../Engine/Content/EditorMaterials/MatineeGroups/MAT_Groups_Vector.uasset" 369
"../../../Engine/Content/EditorMaterials/MAT_Groups_Visibility.uasset" 370
"../../../Engine/Content/EngineResources/DefaultTexture.uasset" 371
"../../../Engine/Content/EngineResources/DefaultTextureCube.uasset" 372
"../../../Engine/Content/EngineSounds/Master.uasset" 373
"../../../Engine/Content/EngineSounds/Music.uasset" 374
"../../../Engine/Content/EngineSounds/SFX.uasset" 375
"../../../Engine/Content/EngineSounds/Normal_Attack.uasset" 376
"../../../Engine/Content/EngineSounds/Special_Attack_PSM.uasset" 377
"../../../Engine/Content/EngineSounds/Duck_Normal_Attack_MixMod.uasset" 378
"../../../Engine/Content/EngineSounds/Voice.uasset" 379
"../../../Engine/Content/EngineMeshes/Cylinder.uasset" 380
"../../../Engine/Content/EngineMaterials/DefaultMaterial.uasset" 381
"../../../Engine/Content/EngineTireTypes/DefaultTireType.uasset" 382
"../../../Engine/Content/Editor/Slate/Fonts/DroidSansMono.ttf" 383
"../../../Engine/Content/Editor/Slate/Fonts/Roboto-BoldCondensed.ttf" 384
"../../../Engine/Content/Editor/Slate/Fonts/Roboto-Black.ttf" 385
"../../../Engine/Content/Editor/Slate/Fonts/Roboto-BoldCondensedItalic.ttf" 386
"../../../Engine/Content/Editor/Slate/Fonts/Roboto-Italic.ttf" 387
"../../../Engine/Content/EngineFonts/Roboto.uasset" 388
"../../../Engine/Content/EngineMaterials/Widget3DPassThrough_Translucent.uasset" 389
"../../../Engine/Content/EngineMaterials/Widget3DPassThrough.uasset" 390
"../../../Engine/Content/EngineMaterials/Widget3DPassThrough_Translucent_OneSided.uasset" 391
"../../../Engine/Content/EngineMaterials/Widget3DPassThrough_Opaque.uasset" 392
"../../../Engine/Content/EngineMaterials/Widget3DPassThrough_Opaque_OneSided.uasset" 393
"../../../Engine/Plugins/2D/Paper2D/Content/MaskedUnlitSpriteMaterial.uasset" 394
"../../../Engine/Plugins/2D/Paper2D/Content/DefaultSpriteMaterial.uasset" 395
"../../../Engine/Plugins/2D/Paper2D/Content/DummySpriteTexture.uasset" 396
"../../../Engine/Plugins/2D/Paper2D/Content/OpaqueUnlitSpriteMaterial.uasset" 397
"../../../Engine/Plugins/2D/Paper2D/Content/DefaultPaperTerrainMaterial.uasset" 398
"../../../Engine/Plugins/2D/Paper2D/Content/DummySprite.uasset" 399
"C:/Users/melon_000/AppData/Local/UnrealEngine/4.6/Saved/Config/Windows/SourceControlSettings.ini" 400
"../../../../../../Users/melon_000/Documents/Unreal Projects/SCHM/Saved/Config/CleanSourceConfigs/SourceControlSettings.ini" 401
"D:/Users/melon_000/Documents/Unreal Projects/SCHM/Saved/Config/Windows/SourceControlSettings.ini" 402
"../../../Engine/Content/EngineMaterials/RemoveSurfaceMaterial.uasset" 403
"../../../Engine/Content/EngineDebugMaterials/DebugMeshMaterial.uasset" 404
"../../../Engine/Content/EngineMaterials/M_InvalidLightmapSettings.uasset" 405
"../../../Engine/Content/EngineMaterials/InvalidLightmapSettings.uasset" 406
"../../../Engine/Content/EditorMaterials/GizmoMaterial.uasset" 407
"../../../Engine/Content/EngineMaterials/Good64x64TilingNoiseHighFreq.uasset" 408
"../../../Engine/Content/EngineMaterials/DefaultBokeh.uasset" 409
"../../../Engine/Content/EngineMaterials/PreintegratedSkinBRDF.uasset" 410
"../../../Engine/Content/EngineMaterials/MiniFont.uasset" 411
"../../../Engine/Content/EngineMaterials/WeightMapPlaceholderTexture.uasset" 412
"../../../Engine/Content/EngineMaterials/DefaultWhiteGrid.uasset" 413
"../../../Engine/Content/EngineMaterials/DefaultPhysicalMaterial.uasset" 414
"../../../Engine/Content/EngineFonts/RobotoTiny.uasset" 415
"../../../../../../Users/melon_000/Documents/Unreal Projects/SCHM/Intermediate/CachedAssetRegistry.bin" 416
"../../../Engine/Content/MobileResources/HUD/VirtualJoystick_Thumb.uasset" 417
"../../../Engine/Content/MobileResources/HUD/VirtualJoystick_Background.uasset" 418
"../../../Engine/Content/MobileResources/HUD/T_Castle_ThumbstickOutter.uasset" 419
"../../../Engine/Content/MobileResources/HUD/T_Castle_ThumbstickInner.uasset" 420
"../../../Engine/Content/MobileResources/HUD/MobileHUDDirectionStick.uasset" 421
"../../../Engine/Content/MobileResources/HUD/MobileHUDDirectionPad3.uasset" 422
"../../../Engine/Content/MobileResources/HUD/MobileHUDDirectionPad2.uasset" 423
"../../../Engine/Content/MobileResources/HUD/MobileHUDDirectionPad.uasset" 424
"../../../Engine/Content/MobileResources/HUD/MobileHUDButtonFire.uasset" 425
"../../../Engine/Content/MobileResources/HUD/MobileHUDButton3.uasset" 426
"../../../Engine/Content/MobileResources/HUD/MobileHUDButton2_on.uasset" 427
"../../../Engine/Content/MobileResources/HUD/MobileHUDButton2_off.uasset" 428
"../../../Engine/Content/MobileResources/HUD/MobileHUDButton1_on.uasset" 429
"../../../Engine/Content/MobileResources/HUD/MobileHUDButton1_off.uasset" 430
"../../../Engine/Content/MobileResources/HUD/LeftVirtualJoystickOnly.uasset" 431
"../../../Engine/Content/MobileResources/HUD/DefaultVirtualJoysticks.uasset" 432
"../../../Engine/Content/MobileResources/HUD/AnalogHat.uasset" 433
"../../../Engine/Content/MobileResources/T_MobileMenu2.uasset" 434
"../../../Engine/Content/MobileResources/T_MobileControls_texture.uasset" 435
"../../../Engine/Content/Maps/Entry.umap" 436
"../../../Engine/Content/EngineMaterials/DefaultNormal.uasset" 437
"../../../../../../Users/melon_000/Documents/Unreal Projects/SCHM/Content/schm.umap" 438
"../../../Engine/Content/EngineSky/BP_Sky_Sphere.uasset" 439
"../../../Engine/Content/EditorBlueprintResources/StandardMacros.uasset" 440
"../../../Engine/Content/EngineSky/C_Sky_Cloud_Color.uasset" 441
"../../../Engine/Content/EngineSky/C_Sky_Horizon_Color.uasset" 442
"../../../Engine/Content/EngineSky/C_Sky_Zenith_Color.uasset" 443
"../../../Engine/Content/EngineSky/M_Sky_Panning_Clouds2.uasset" 444
"../../../Engine/Content/EngineSky/T_Sky_Blue.uasset" 445
"../../../Engine/Content/EngineSky/T_Sky_Clouds_M.uasset" 446
"../../../Engine/Content/EngineSky/T_Sky_Stars.uasset" 447
"../../../Engine/Content/EngineSky/SM_SkySphere.uasset" 448
"../../../../../../Users/melon_000/Documents/Unreal Projects/SCHM/Content/Blueprints/SCHM_game.uasset" 449
"../../../../../../Users/melon_000/Documents/Unreal Projects/SCHM/Content/Blueprints/SCHM_spectator.uasset" 450
"../../../../../../Users/melon_000/Documents/Unreal Projects/SCHM/Content/Blueprints/UI_main.uasset" 451
"../../../../../../Users/melon_000/Documents/Unreal Projects/SCHM/Content/UMG/UI_main.uasset" 452
"../../../Engine/Content/MapTemplates/SM_Template_Map_Floor.uasset" 453
"../../../../../../Users/melon_000/Documents/Unreal Projects/SCHM/Content/geometry/SCHM.uasset" 454
"C:/Users/melon_000/AppData/Local/UnrealEngine/Common/DerivedDataCache/6/5/9/TEXTURE_75F87CE100B546AAB8A1C4132AF9DB17_BGRA8_78F7BF1E4BE7F920976BDEA3220E697__3F22380D5A65EB9D17A035BD5DDDFD20392C1046.udd" 455
"C:/Users/melon_000/AppData/Local/UnrealEngine/Common/DerivedDataCache/0/0/2/TEXTURE_75F87CE100B546AAB8A1C4132AF9DB17_BGRA8_78F7BF1E4BE7F920976BDEA3220E697__72DC6C02154C0B588F1B92E85F3529EA3CA62151.udd" 456
"C:/Users/melon_000/AppData/Local/UnrealEngine/Common/DerivedDataCache/3/2/8/TEXTURE_75F87CE100B546AAB8A1C4132AF9DB17_BGRA8_78F7BF1E4BE7F920976BDEA3220E697__F38FA0DE20E689908C1A9F6BF7B49573D15B5243.udd" 457
"C:/Users/melon_000/AppData/Local/UnrealEngine/Common/DerivedDataCache/7/2/7/TEXTURE_75F87CE100B546AAB8A1C4132AF9DB17_BGRA8_D58FC9AD48EE92FF85E7168F8B83DE2__4618B069D1974AE113BB8420D3E41C82D2094EB7.udd" 458
"C:/Users/melon_000/AppData/Local/UnrealEngine/Common/DerivedDataCache/8/8/3/STATICMESH_46A8778361B442A9523C54440EA1E9D_0DB5412B27AB480F844CC7F0BE5ABAFF_75__EAAD623F71E0E971F5C1B5CFF7E3298AA7B00E4D.udd" 459
"C:/Users/melon_000/AppData/Local/UnrealEngine/Common/DerivedDataCache/9/6/9/PHYSX_$7B1F0627AE$2DABEB$2D4206$2D8D78$2DE16BEB5DDC7E$7D_PHYSXPC_9DC1D5194695E__013A1BCB55D6727B8FA3B88476312212695FFAD1.udd" 460
"../../../../../../Users/melon_000/Documents/Unreal Projects/SCHM/Saved/Autosaves/Game/UEDPCschm.umap" 461
"C:/Users/melon_000/AppData/Local/UnrealEngine/Common/DerivedDataCache/5/9/5/TEXTURE_75F87CE100B546AAB8A1C4132AF9DB17_AUTODXT_8EEC1FA54162E381B1C77289767B5__6858C8D04F031109C387149C750458D5DF6DC160.udd" 462
"C:/Users/melon_000/AppData/Local/UnrealEngine/Common/DerivedDataCache/9/6/4/TEXTURE_75F87CE100B546AAB8A1C4132AF9DB17_AUTODXT_73FC138942F18548033791B02CC0B__5BC6E0151E41BEBF2301438DB9D200B51E5AEF90.udd" 463
"C:/Users/melon_000/AppData/Local/UnrealEngine/Common/DerivedDataCache/6/5/4/TEXTURE_75F87CE100B546AAB8A1C4132AF9DB17_DXT1_C940C62242916D601D5CA4AB85E97943__A135C65B678895E4A7A069183625A89D7819571D.udd" 464
"C:/Users/melon_000/AppData/Local/UnrealEngine/Common/DerivedDataCache/3/8/8/TEXTURE_75F87CE100B546AAB8A1C4132AF9DB17_AUTODXT_8EEC1FA54162E381B1C77289767B5__0E1893B871DB42AA7D8BDD524A6C587EF09DC4D5.udd" 465
"C:/Users/melon_000/AppData/Local/UnrealEngine/Common/DerivedDataCache/9/2/7/TEXTURE_75F87CE100B546AAB8A1C4132AF9DB17_AUTODXT_8EEC1FA54162E381B1C77289767B5__FD915398FCA770037CADDC4E2B7D010B74B7FE02.udd" 466
"C:/Users/melon_000/AppData/Local/UnrealEngine/Common/DerivedDataCache/3/2/2/TEXTURE_75F87CE100B546AAB8A1C4132AF9DB17_DXT1_C940C62242916D601D5CA4AB85E97943__F87D52096E292E43401142DBEAF1693F364BF2B5.udd" 467
"C:/Users/melon_000/AppData/Local/UnrealEngine/Common/DerivedDataCache/6/0/8/TEXTURE_75F87CE100B546AAB8A1C4132AF9DB17_DXT1_C940C62242916D601D5CA4AB85E97943__D7A6BC9919D6E4EA11C147E2FBBAECB8E31D1869.udd" 468
"C:/Users/melon_000/AppData/Local/UnrealEngine/Common/DerivedDataCache/4/6/6/TEXTURE_75F87CE100B546AAB8A1C4132AF9DB17_DXT1_E37A7DA24D361DF9D449A380BFDE716B__57116A583320031AAB3F46842B959E9D7F291D09.udd" 469
"C:/Users/melon_000/AppData/Local/UnrealEngine/Common/DerivedDataCache/7/0/6/TEXTURE_75F87CE100B546AAB8A1C4132AF9DB17_BGRA8_4CE6D8424CC30E63B276F6A0C893006__3561EF2EECAFB27259AFE9DDB9DAD154FAE99215.udd" 470
"C:/Users/melon_000/AppData/Local/UnrealEngine/Common/DerivedDataCache/1/0/3/TEXTURE_75F87CE100B546AAB8A1C4132AF9DB17_BGRA8_77F447F646201F44619311892DBCD5C__3DAF1ED2D5251ED92796A15996A0BAACE92DA6F4.udd" 471
"C:/Users/melon_000/AppData/Local/UnrealEngine/Common/DerivedDataCache/0/3/5/TEXTURE_75F87CE100B546AAB8A1C4132AF9DB17_BGRA8_4CE6D8424CC30E63B276F6A0C893006__D3D05E22F2ADAB4F8E7E5E5F5D1C759173C980C0.udd" 472
"C:/Users/melon_000/AppData/Local/UnrealEngine/Common/DerivedDataCache/5/7/8/TEXTURE_75F87CE100B546AAB8A1C4132AF9DB17_BGRA8_4CE6D8424CC30E63B276F6A0C893006__50FC29C8111EFEBE7044B49B2B18C5727575C25A.udd" 473
